2017-02-16 17:07:57.589 INFO WxPayAPI.NativePay: Native pay mode 2 url is producing...
2017-02-16 17:07:58.048 INFO WxPayAPI.NativePay: Get native pay mode 2 url : weixin://wxpay/bizpayurl?pr=0Aw4cti
2017-02-16 17:09:02.383 INFO WxPayAPI.NativePay: Native pay mode 2 url is producing...
2017-02-16 17:09:02.700 INFO WxPayAPI.NativePay: Get native pay mode 2 url : weixin://wxpay/bizpayurl?pr=Lb83RMi
2017-02-16 17:12:27.468 INFO WxPayAPI.NativePay: Native pay mode 2 url is producing...
2017-02-16 17:12:27.852 INFO WxPayAPI.NativePay: Get native pay mode 2 url : weixin://wxpay/bizpayurl?pr=B2m0swt
2017-02-16 17:12:43.908 INFO WxPayAPI.NativePay: Native pay mode 2 url is producing...
2017-02-16 17:12:44.247 INFO WxPayAPI.NativePay: Get native pay mode 2 url : weixin://wxpay/bizpayurl?pr=6mEmSnf
2017-02-16 17:13:06.003 INFO WxPayAPI.NativePay: Native pay mode 2 url is producing...
2017-02-16 17:15:38.157 INFO WxPayAPI.NativePay: Native pay mode 2 url is producing...
2017-02-16 17:15:38.573 INFO WxPayAPI.NativePay: Get native pay mode 2 url : weixin://wxpay/bizpayurl?pr=AoX8VFa
2017-02-16 17:15:47.206 INFO WxPayAPI.NativePay: Native pay mode 2 url is producing...
2017-02-16 17:15:47.602 INFO WxPayAPI.NativePay: Get native pay mode 2 url : weixin://wxpay/bizpayurl?pr=8GFOEGD
2017-02-16 17:19:31.080 INFO WxPayAPI.NativePay: Native pay mode 2 url is producing...
2017-02-16 17:19:31.497 INFO WxPayAPI.NativePay: Get native pay mode 2 url : weixin://wxpay/bizpayurl?pr=W4VedH2
2017-02-16 17:19:46.182 INFO WxPayAPI.NativePay: Native pay mode 2 url is producing...
2017-02-16 17:19:46.520 INFO WxPayAPI.NativePay: Get native pay mode 2 url : weixin://wxpay/bizpayurl?pr=4MnAPmp
2017-02-16 17:19:59.303 INFO WxPayAPI.NativePay: Native pay mode 2 url is producing...
2017-02-16 17:19:59.703 INFO WxPayAPI.NativePay: Get native pay mode 2 url : weixin://wxpay/bizpayurl?pr=4D563od
2017-02-16 17:20:07.890 INFO WxPayAPI.NativePay: Native pay mode 2 url is producing...
2017-02-16 17:20:08.438 INFO WxPayAPI.NativePay: Get native pay mode 2 url : weixin://wxpay/bizpayurl?pr=Tp7VME3
2017-02-16 17:20:15.534 INFO WxPayAPI.NativePay: Native pay mode 2 url is producing...
2017-02-16 17:20:15.801 INFO WxPayAPI.NativePay: Get native pay mode 2 url : weixin://wxpay/bizpayurl?pr=9YJDpA6
2017-02-16 17:20:25.496 INFO WxPayAPI.NativePay: Native pay mode 2 url is producing...
2017-02-16 17:20:39.160 INFO WxPayAPI.NativePay: Native pay mode 2 url is producing...
2017-02-16 17:22:59.750 INFO WxPayAPI.NativePay: Native pay mode 2 url is producing...
2017-02-16 17:28:46.226 INFO WxPayAPI.NativePay: Native pay mode 2 url is producing...
2017-02-16 17:28:46.723 INFO WxPayAPI.NativePay: Get native pay mode 2 url : weixin://wxpay/bizpayurl?pr=38cA9qE
